Command line:
   tb_neanderf_isim_beh.exe
     -simmode  gui
     -simrunnum  0
     -socket  53218

Wed Jun 07 20:56:22 2017


 Elaboration Time: 0.0625 sec

 Current Memory Usage: 375.837 Meg

 Total Signals          : 378
 Total Nets             : 2702
 Total Signal Drivers   : 138
 Total Blocks           : 30
 Total Primitive Blocks : 21
 Total Processes        : 96
 Total Traceable Variables  : 227
 Total Scalar Nets and Variables : 4075
Total Line Count : 719

 Total Simulation Time: 0.125 sec

 Current Memory Usage: 375.837 Meg

Wed Jun 07 20:56:46 2017

