Command line:
   tb_neanrersrs_isim_par.exe
     -simmode  gui
     -sdfmax  /uut/=netgen/par/coreneander_timesim.sdf
     -sdfroot  /uut
     -simrunnum  0
     -socket  53944

Wed Jun 07 21:51:59 2017


 Elaboration Time: 0.4375 sec

 Current Memory Usage: 384.037 Meg

 Total Signals          : 5075
 Total Nets             : 3655
 Total Signal Drivers   : 3170
 Total Blocks           : 1694
 Total Primitive Blocks : 1023
 Total Processes        : 3166
 Total Traceable Variables  : 7515
 Total Scalar Nets and Variables : 53721
Total Line Count : 11009

 Total Simulation Time: 0.71875 sec

 Current Memory Usage: 384.037 Meg

Wed Jun 07 21:52:04 2017

