INFO:sim:172 - Generating IP...
Applying current project options...
Finished applying current project options.
WARNING:sim - A core named 'memoryNeander' already exists in the project. Output
   products for this core may be overwritten.
Resolving generics for 'memoryNeander'...
WARNING:sim - A core named 'memoryNeander' already exists in the project. Output
   products for this core may be overwritten.
Applying external generics to 'memoryNeander'...
Delivering associated files for 'memoryNeander'...
Delivering EJava files for 'memoryNeander'...
Generating implementation netlist for 'memoryNeander'...
INFO:sim - Pre-processing HDL files for 'memoryNeander'...
Running synthesis for 'memoryNeander'
Running ngcbuild...
Writing VHO instantiation template for 'memoryNeander'...
Writing VHDL behavioral simulation model for 'memoryNeander'...
WARNING:sim - Overwriting existing file
   C:/Users/Lucas/Desktop/Pastas/UFRGS/2017/01/Sistemas
   Digitais/Trabalho/neanderFINAL/ipcore_dir/tmp/_cg/memoryNeander/doc/blk_mem_g
   en_v7_3_vinfo.html with file from view xilinx_documentation
Delivered 1 file into directory
C:/Users/Lucas/Desktop/Pastas/UFRGS/2017/01/Sistemas
Digitais/Trabalho/neanderFINAL/ipcore_dir/tmp/_cg/memoryNeander
Generating ASY schematic symbol...
INFO:sim:949 - Finished generation of ASY schematic symbol.
Generating SYM schematic symbol for 'memoryNeander'...
Generating metadata file...
Regenerating ISE project file for 'memoryNeander'...
Generating ISE project...
XCO file found: memoryNeander.xco
XMDF file found: memoryNeander_xmdf.tcl
Adding C:/Users/Lucas/Desktop/Pastas/UFRGS/2017/01/Sistemas
Digitais/Trabalho/neanderFINAL/ipcore_dir/tmp/_cg/memoryNeander.asy -view all
-origin_type imported
Adding C:/Users/Lucas/Desktop/Pastas/UFRGS/2017/01/Sistemas
Digitais/Trabalho/neanderFINAL/ipcore_dir/tmp/_cg/memoryNeander.ngc -view all
-origin_type created
Checking file "C:/Users/Lucas/Desktop/Pastas/UFRGS/2017/01/Sistemas
Digitais/Trabalho/neanderFINAL/ipcore_dir/tmp/_cg/memoryNeander.ngc" for project
device match ...
File "C:/Users/Lucas/Desktop/Pastas/UFRGS/2017/01/Sistemas
Digitais/Trabalho/neanderFINAL/ipcore_dir/tmp/_cg/memoryNeander.ngc" device
information matches project device.
Adding C:/Users/Lucas/Desktop/Pastas/UFRGS/2017/01/Sistemas
Digitais/Trabalho/neanderFINAL/ipcore_dir/tmp/_cg/memoryNeander.sym -view all
-origin_type imported
Adding C:/Users/Lucas/Desktop/Pastas/UFRGS/2017/01/Sistemas
Digitais/Trabalho/neanderFINAL/ipcore_dir/tmp/_cg/memoryNeander.vhd -view all
-origin_type created
INFO:HDLCompiler:1061 - Parsing VHDL file
   "C:/Users/Lucas/Desktop/Pastas/UFRGS/2017/01/Sistemas
   Digitais/Trabalho/neanderFINAL/ipcore_dir/tmp/_cg/memoryNeander.vhd" into
   library work
INFO:ProjectMgmt - Parsing design hierarchy completed successfully.
Adding C:/Users/Lucas/Desktop/Pastas/UFRGS/2017/01/Sistemas
Digitais/Trabalho/neanderFINAL/ipcore_dir/tmp/_cg/memoryNeander.vho -view all
-origin_type imported
INFO:TclTasksC:2116 - The automatic calculation of top has been turned-off.
   Please set the new top explicitly by running the "project set top" command.
   To re-calculate the new top automatically, set the "Auto Implementation Top"
   property to true.
Top level has been set to "/memoryNeander"
Generating README file...
Generating FLIST file...
INFO:sim:948 - Finished FLIST file generation.
Launching README viewer...
Moving files to output directory...
Finished moving files to output directory
Wrote CGP file for project 'memoryNeander'.
